<?xml version="1.0" encoding="UTF-8"?>
<!-- Generated by org.testng.reporters.JUnitXMLReporter -->
<testsuite ignored="0" hostname="DESKTOP-N3ISE95" failures="0" tests="4" name="Test" time="9.792" errors="0" timestamp="2025-01-11T22:09:36 IST">
  <testcase classname="api.testcases.UserTest" name="testCreateUser" time="2.894"/>
  <testcase classname="api.testcases.UserTest" name="testGetUser" time="1.453"/>
  <testcase classname="api.testcases.UserTest" name="testUpdateUser" time="2.969"/>
  <testcase classname="api.testcases.UserTest" name="testDeleteUser" time="1.528"/>
</testsuite> <!-- Test -->
