<?xml version="1.0" encoding="UTF-8"?>
<!-- Generated by org.testng.reporters.JUnitXMLReporter -->
<testsuite ignored="0" hostname="DESKTOP-N3ISE95" failures="0" tests="4" name="Test" time="11.522" errors="0" timestamp="2025-01-12T18:54:18 IST">
  <testcase classname="api.testcases.UserTest" name="testCreateUser" time="3.457"/>
  <testcase classname="api.testcases.UserTest" name="testGetUser" time="2.11"/>
  <testcase classname="api.testcases.UserTest" name="testUpdateUser" time="3.242"/>
  <testcase classname="api.testcases.UserTest" name="testDeleteUser" time="1.828"/>
</testsuite> <!-- Test -->
